<?xml version='1.0' encoding='UTF-8'?>
<testsuite hostname="DESKTOP-19J6LUC" name="TestChatBot1" tests="1" errors="0" failures="0" skipped="0" time="0.009" timestamp="2022-07-08T21:13:22">
          <properties>
[...]
</properties>
          <testcase classname="TestChatBot1" name="step of chatBot should start by interesting" time="0.009">
                      
                    </testcase>
          <system-out><![CDATA[]]></system-out>
          <system-err><![CDATA[]]></system-err>
        </testsuite>