[error] sbt.librarymanagement.ResolveException: Error downloading org.scalatest:scalatest_2.13:3.0.4
[error]   Not found
[error]   Not found
[error]   not found: C:\Users\mobina\.ivy2\localorg.scalatest\scalatest_2.13\3.0.4\ivys\ivy.xml
[error]   not found: https://repo1.maven.org/maven2/org/scalatest/scalatest_2.13/3.0.4/scalatest_2.13-3.0.4.pom
[error] 	at lmcoursier.CoursierDependencyResolution.unresolvedWarningOrThrow(CoursierDependencyResolution.scala:345)
[error] 	at lmcoursier.CoursierDependencyResolution.$anonfun$update$38(CoursierDependencyResolution.scala:314)
[error] 	at lmcoursier.CoursierDependencyResolution$$Lambda$5403/1363318581.apply(Unknown Source)
[error] 	at scala.util.Either$LeftProjection.map(Either.scala:573)
[error] 	at lmcoursier.CoursierDependencyResolution.update(CoursierDependencyResolution.scala:314)
[error] 	at sbt.librarymanagement.DependencyResolution.update(DependencyResolution.scala:60)
[error] 	at sbt.internal.LibraryManagement$.resolve$1(LibraryManagement.scala:59)
[error] 	at sbt.internal.LibraryManagement$.$anonfun$cachedUpdate$12(LibraryManagement.scala:133)
[error] 	at sbt.internal.LibraryManagement$$$Lambda$3104/425146017.apply(Unknown Source)
[error] 	at sbt.util.Tracked$.$anonfun$lastOutput$1(Tracked.scala:73)
[error] 	at sbt.util.Tracked$$$Lambda$3061/935141870.apply(Unknown Source)
[error] 	at sbt.internal.LibraryManagement$.$anonfun$cachedUpdate$20(LibraryManagement.scala:146)
[error] 	at sbt.internal.LibraryManagement$$$Lambda$3106/562104144.apply(Unknown Source)
[error] 	at scala.util.control.Exception$Catch.apply(Exception.scala:228)
[error] 	at sbt.internal.LibraryManagement$.$anonfun$cachedUpdate$11(LibraryManagement.scala:146)
[error] 	at sbt.internal.LibraryManagement$.$anonfun$cachedUpdate$11$adapted(LibraryManagement.scala:127)
[error] 	at sbt.internal.LibraryManagement$$$Lambda$3100/756274755.apply(Unknown Source)
[error] 	at sbt.util.Tracked$.$anonfun$inputChangedW$1(Tracked.scala:219)
[error] 	at sbt.util.Tracked$$$Lambda$2911/198005330.apply(Unknown Source)
[error] 	at sbt.internal.LibraryManagement$.cachedUpdate(LibraryManagement.scala:160)
[error] 	at sbt.Classpaths$.$anonfun$updateTask0$1(Defaults.scala:3690)
[error] 	at sbt.Classpaths$$$Lambda$547/1158799929.apply(Unknown Source)
[error] 	at scala.Function1.$anonfun$compose$1(Function1.scala:49)
[error] 	at scala.Function1$$Lambda$313/51412288.apply(Unknown Source)
[error] 	at sbt.internal.util.$tilde$greater.$anonfun$$u2219$1(TypeFunctions.scala:62)
[error] 	at sbt.internal.util.$tilde$greater$$Lambda$2690/397822273.apply(Unknown Source)
[error] 	at sbt.std.Transform$$anon$4.work(Transform.scala:68)
[error] 	at sbt.Execute.$anonfun$submit$2(Execute.scala:282)
[error] 	at sbt.Execute$$Lambda$2718/1625396275.apply(Unknown Source)
[error] 	at sbt.internal.util.ErrorHandling$.wideConvert(ErrorHandling.scala:23)
[error] 	at sbt.Execute.work(Execute.scala:291)
[error] 	at sbt.Execute.$anonfun$submit$1(Execute.scala:282)
[error] 	at sbt.Execute$$Lambda$2700/1609960076.apply(Unknown Source)
[error] 	at sbt.ConcurrentRestrictions$$anon$4.$anonfun$submitValid$1(ConcurrentRestrictions.scala:265)
[error] 	at sbt.ConcurrentRestrictions$$anon$4$$Lambda$2716/1320357188.apply(Unknown Source)
[error] 	at sbt.CompletionService$$anon$2.call(CompletionService.scala:64)
[error] 	at java.util.concurrent.FutureTask.run(FutureTask.java:266)
[error] 	at java.util.concurrent.Executors$RunnableAdapter.call(Executors.java:511)
[error] 	at java.util.concurrent.FutureTask.run(FutureTask.java:266)
[error] 	at java.util.concurrent.ThreadPoolExecutor.runWorker(ThreadPoolExecutor.java:1142)
[error] 	at java.util.concurrent.ThreadPoolExecutor$Worker.run(ThreadPoolExecutor.java:617)
[error] 	at java.lang.Thread.run(Thread.java:745)
[error] (ssExtractDependencies) sbt.librarymanagement.ResolveException: Error downloading org.scalatest:scalatest_2.13:3.0.4
[error]   Not found
[error]   Not found
[error]   not found: C:\Users\mobina\.ivy2\localorg.scalatest\scalatest_2.13\3.0.4\ivys\ivy.xml
[error]   not found: https://repo1.maven.org/maven2/org/scalatest/scalatest_2.13/3.0.4/scalatest_2.13-3.0.4.pom
